mode: set
github.com/tecwagner/walletcore-service/internal/entity/account.go:18.42,20.19 1 1
github.com/tecwagner/walletcore-service/internal/entity/account.go:24.2,32.16 2 1
github.com/tecwagner/walletcore-service/internal/entity/account.go:20.19,22.3 1 1
github.com/tecwagner/walletcore-service/internal/entity/account.go:35.42,38.2 2 1
github.com/tecwagner/walletcore-service/internal/entity/account.go:40.41,43.2 2 1
github.com/tecwagner/walletcore-service/internal/entity/client.go:20.63,31.16 3 1
github.com/tecwagner/walletcore-service/internal/entity/client.go:35.2,35.20 1 1
github.com/tecwagner/walletcore-service/internal/entity/client.go:31.16,33.3 1 1
github.com/tecwagner/walletcore-service/internal/entity/client.go:38.38,39.18 1 1
github.com/tecwagner/walletcore-service/internal/entity/client.go:43.2,43.19 1 1
github.com/tecwagner/walletcore-service/internal/entity/client.go:47.2,47.22 1 1
github.com/tecwagner/walletcore-service/internal/entity/client.go:51.2,51.12 1 1
github.com/tecwagner/walletcore-service/internal/entity/client.go:39.18,41.3 1 1
github.com/tecwagner/walletcore-service/internal/entity/client.go:43.19,45.3 1 0
github.com/tecwagner/walletcore-service/internal/entity/client.go:47.22,49.3 1 0
github.com/tecwagner/walletcore-service/internal/entity/client.go:54.61,60.16 6 1
github.com/tecwagner/walletcore-service/internal/entity/client.go:63.2,63.12 1 1
github.com/tecwagner/walletcore-service/internal/entity/client.go:60.16,62.3 1 1
github.com/tecwagner/walletcore-service/internal/entity/client.go:66.53,67.31 1 1
github.com/tecwagner/walletcore-service/internal/entity/client.go:70.2,71.12 2 1
github.com/tecwagner/walletcore-service/internal/entity/client.go:67.31,69.3 1 0
github.com/tecwagner/walletcore-service/internal/entity/transaction.go:20.92,31.16 3 1
github.com/tecwagner/walletcore-service/internal/entity/transaction.go:35.2,36.25 2 1
github.com/tecwagner/walletcore-service/internal/entity/transaction.go:31.16,33.3 1 1
github.com/tecwagner/walletcore-service/internal/entity/transaction.go:39.32,43.2 2 1
github.com/tecwagner/walletcore-service/internal/entity/transaction.go:45.40,46.19 1 1
github.com/tecwagner/walletcore-service/internal/entity/transaction.go:49.2,49.38 1 1
github.com/tecwagner/walletcore-service/internal/entity/transaction.go:52.2,52.40 1 1
github.com/tecwagner/walletcore-service/internal/entity/transaction.go:55.2,55.48 1 1
github.com/tecwagner/walletcore-service/internal/entity/transaction.go:58.2,58.12 1 1
github.com/tecwagner/walletcore-service/internal/entity/transaction.go:46.19,48.3 1 0
github.com/tecwagner/walletcore-service/internal/entity/transaction.go:49.38,51.3 1 1
github.com/tecwagner/walletcore-service/internal/entity/transaction.go:52.40,54.3 1 0
github.com/tecwagner/walletcore-service/internal/entity/transaction.go:55.48,57.3 1 0
github.com/tecwagner/walletcore-service/internal/infrastructure/database/client-database/client_db.go:14.40,18.2 1 1
github.com/tecwagner/walletcore-service/internal/infrastructure/database/client-database/client_db.go:20.61,23.16 3 1
github.com/tecwagner/walletcore-service/internal/infrastructure/database/client-database/client_db.go:26.2,29.93 3 1
github.com/tecwagner/walletcore-service/internal/infrastructure/database/client-database/client_db.go:33.2,33.20 1 1
github.com/tecwagner/walletcore-service/internal/infrastructure/database/client-database/client_db.go:23.16,25.3 1 0
github.com/tecwagner/walletcore-service/internal/infrastructure/database/client-database/client_db.go:29.93,31.3 1 0
github.com/tecwagner/walletcore-service/internal/infrastructure/database/client-database/client_db.go:36.73,39.16 3 1
github.com/tecwagner/walletcore-service/internal/infrastructure/database/client-database/client_db.go:42.2,46.75 4 1
github.com/tecwagner/walletcore-service/internal/infrastructure/database/client-database/client_db.go:52.2,53.20 2 1
github.com/tecwagner/walletcore-service/internal/infrastructure/database/client-database/client_db.go:39.16,41.3 1 0
github.com/tecwagner/walletcore-service/internal/infrastructure/database/client-database/client_db.go:46.75,47.27 1 1
github.com/tecwagner/walletcore-service/internal/infrastructure/database/client-database/client_db.go:50.3,50.18 1 0
github.com/tecwagner/walletcore-service/internal/infrastructure/database/client-database/client_db.go:47.27,49.4 1 1
github.com/tecwagner/walletcore-service/internal/infrastructure/database/client-database/client_db.go:56.56,59.16 2 1
github.com/tecwagner/walletcore-service/internal/infrastructure/database/client-database/client_db.go:62.2,64.16 3 1
github.com/tecwagner/walletcore-service/internal/infrastructure/database/client-database/client_db.go:67.2,67.12 1 1
github.com/tecwagner/walletcore-service/internal/infrastructure/database/client-database/client_db.go:59.16,61.3 1 0
github.com/tecwagner/walletcore-service/internal/infrastructure/database/client-database/client_db.go:64.16,66.3 1 0
github.com/tecwagner/walletcore-service/internal/infrastructure/database/client-database/client_db.go:70.55,73.16 3 1
github.com/tecwagner/walletcore-service/internal/infrastructure/database/client-database/client_db.go:76.2,79.45 3 1
github.com/tecwagner/walletcore-service/internal/infrastructure/database/client-database/client_db.go:83.2,83.13 1 1
github.com/tecwagner/walletcore-service/internal/infrastructure/database/client-database/client_db.go:73.16,75.3 1 0
github.com/tecwagner/walletcore-service/internal/infrastructure/database/client-database/client_db.go:79.45,81.3 1 0
github.com/tecwagner/walletcore-service/internal/infrastructure/database/account-database/account_db.go:13.42,17.2 1 1
github.com/tecwagner/walletcore-service/internal/infrastructure/database/account-database/account_db.go:19.68,26.16 5 1
github.com/tecwagner/walletcore-service/internal/infrastructure/database/account-database/account_db.go:29.2,42.16 4 1
github.com/tecwagner/walletcore-service/internal/infrastructure/database/account-database/account_db.go:46.2,46.22 1 1
github.com/tecwagner/walletcore-service/internal/infrastructure/database/account-database/account_db.go:26.16,28.3 1 0
github.com/tecwagner/walletcore-service/internal/infrastructure/database/account-database/account_db.go:42.16,44.3 1 0
github.com/tecwagner/walletcore-service/internal/infrastructure/database/account-database/account_db.go:49.59,51.16 2 1
github.com/tecwagner/walletcore-service/internal/infrastructure/database/account-database/account_db.go:55.2,58.16 3 1
github.com/tecwagner/walletcore-service/internal/infrastructure/database/account-database/account_db.go:62.2,62.12 1 1
github.com/tecwagner/walletcore-service/internal/infrastructure/database/account-database/account_db.go:51.16,53.3 1 0
github.com/tecwagner/walletcore-service/internal/infrastructure/database/account-database/account_db.go:58.16,60.3 1 0
github.com/tecwagner/walletcore-service/internal/infrastructure/database/account-database/account_db.go:65.68,67.16 2 0
github.com/tecwagner/walletcore-service/internal/infrastructure/database/account-database/account_db.go:70.2,73.16 3 0
github.com/tecwagner/walletcore-service/internal/infrastructure/database/account-database/account_db.go:76.2,76.12 1 0
github.com/tecwagner/walletcore-service/internal/infrastructure/database/account-database/account_db.go:67.16,69.3 1 0
github.com/tecwagner/walletcore-service/internal/infrastructure/database/account-database/account_db.go:73.16,75.3 1 0
github.com/tecwagner/walletcore-service/internal/infrastructure/database/transaction-database/transaction_db.go:13.50,17.2 1 1
github.com/tecwagner/walletcore-service/internal/infrastructure/database/transaction-database/transaction_db.go:19.71,21.16 2 1
github.com/tecwagner/walletcore-service/internal/infrastructure/database/transaction-database/transaction_db.go:24.2,26.16 3 1
github.com/tecwagner/walletcore-service/internal/infrastructure/database/transaction-database/transaction_db.go:29.2,29.12 1 1
github.com/tecwagner/walletcore-service/internal/infrastructure/database/transaction-database/transaction_db.go:21.16,23.3 1 0
github.com/tecwagner/walletcore-service/internal/infrastructure/database/transaction-database/transaction_db.go:26.16,28.3 1 0
github.com/tecwagner/walletcore-service/internal/useCase/create_account/create_account.go:11.129,16.2 1 1
github.com/tecwagner/walletcore-service/internal/useCase/create_account/create_account.go:18.103,21.16 2 1
github.com/tecwagner/walletcore-service/internal/useCase/create_account/create_account.go:26.2,30.16 3 1
github.com/tecwagner/walletcore-service/internal/useCase/create_account/create_account.go:33.2,39.20 2 1
github.com/tecwagner/walletcore-service/internal/useCase/create_account/create_account.go:21.16,23.3 1 0
github.com/tecwagner/walletcore-service/internal/useCase/create_account/create_account.go:30.16,32.3 1 0
github.com/tecwagner/walletcore-service/internal/useCase/authentication_user/authentication.go:11.96,15.2 1 1
github.com/tecwagner/walletcore-service/internal/useCase/authentication_user/authentication.go:17.106,19.47 1 1
github.com/tecwagner/walletcore-service/internal/useCase/authentication_user/authentication.go:23.2,24.16 2 1
github.com/tecwagner/walletcore-service/internal/useCase/authentication_user/authentication.go:28.2,30.16 2 1
github.com/tecwagner/walletcore-service/internal/useCase/authentication_user/authentication.go:34.2,40.20 3 1
github.com/tecwagner/walletcore-service/internal/useCase/authentication_user/authentication.go:19.47,21.3 1 1
github.com/tecwagner/walletcore-service/internal/useCase/authentication_user/authentication.go:24.16,26.3 1 0
github.com/tecwagner/walletcore-service/internal/useCase/authentication_user/authentication.go:30.16,32.3 1 0
github.com/tecwagner/walletcore-service/internal/useCase/create_client/create_client_dto.go:23.35,25.2 1 1
github.com/tecwagner/walletcore-service/internal/useCase/create_client/create_client.go:9.94,13.2 1 1
github.com/tecwagner/walletcore-service/internal/useCase/create_client/create_client.go:15.100,17.49 1 1
github.com/tecwagner/walletcore-service/internal/useCase/create_client/create_client.go:22.2,23.16 2 1
github.com/tecwagner/walletcore-service/internal/useCase/create_client/create_client.go:27.2,28.16 2 1
github.com/tecwagner/walletcore-service/internal/useCase/create_client/create_client.go:32.2,33.16 2 1
github.com/tecwagner/walletcore-service/internal/useCase/create_client/create_client.go:37.2,43.8 1 1
github.com/tecwagner/walletcore-service/internal/useCase/create_client/create_client.go:17.49,20.3 1 1
github.com/tecwagner/walletcore-service/internal/useCase/create_client/create_client.go:23.16,25.3 1 0
github.com/tecwagner/walletcore-service/internal/useCase/create_client/create_client.go:28.16,30.3 1 0
github.com/tecwagner/walletcore-service/internal/useCase/create_client/create_client.go:33.16,35.3 1 0
github.com/tecwagner/walletcore-service/internal/useCase/create_transaction/create_transaction.go:18.29,25.2 1 1
github.com/tecwagner/walletcore-service/internal/useCase/create_transaction/create_transaction.go:27.136,33.47 3 1
github.com/tecwagner/walletcore-service/internal/useCase/create_transaction/create_transaction.go:86.2,86.16 1 1
github.com/tecwagner/walletcore-service/internal/useCase/create_transaction/create_transaction.go:91.2,98.20 5 1
github.com/tecwagner/walletcore-service/internal/useCase/create_transaction/create_transaction.go:33.47,40.17 4 0
github.com/tecwagner/walletcore-service/internal/useCase/create_transaction/create_transaction.go:45.3,46.17 2 0
github.com/tecwagner/walletcore-service/internal/useCase/create_transaction/create_transaction.go:51.3,52.17 2 0
github.com/tecwagner/walletcore-service/internal/useCase/create_transaction/create_transaction.go:57.3,58.17 2 0
github.com/tecwagner/walletcore-service/internal/useCase/create_transaction/create_transaction.go:61.3,62.17 2 0
github.com/tecwagner/walletcore-service/internal/useCase/create_transaction/create_transaction.go:67.3,68.17 2 0
github.com/tecwagner/walletcore-service/internal/useCase/create_transaction/create_transaction.go:72.3,82.13 9 0
github.com/tecwagner/walletcore-service/internal/useCase/create_transaction/create_transaction.go:40.17,42.4 1 0
github.com/tecwagner/walletcore-service/internal/useCase/create_transaction/create_transaction.go:46.17,48.4 1 0
github.com/tecwagner/walletcore-service/internal/useCase/create_transaction/create_transaction.go:52.17,54.4 1 0
github.com/tecwagner/walletcore-service/internal/useCase/create_transaction/create_transaction.go:58.17,60.4 1 0
github.com/tecwagner/walletcore-service/internal/useCase/create_transaction/create_transaction.go:62.17,64.4 1 0
github.com/tecwagner/walletcore-service/internal/useCase/create_transaction/create_transaction.go:68.17,70.4 1 0
github.com/tecwagner/walletcore-service/internal/useCase/create_transaction/create_transaction.go:86.16,88.3 1 0
github.com/tecwagner/walletcore-service/internal/useCase/create_transaction/create_transaction.go:101.107,103.16 2 0
github.com/tecwagner/walletcore-service/internal/useCase/create_transaction/create_transaction.go:106.2,106.46 1 0
github.com/tecwagner/walletcore-service/internal/useCase/create_transaction/create_transaction.go:103.16,104.13 1 0
github.com/tecwagner/walletcore-service/internal/useCase/create_transaction/create_transaction.go:109.119,111.16 2 0
github.com/tecwagner/walletcore-service/internal/useCase/create_transaction/create_transaction.go:114.2,114.54 1 0
github.com/tecwagner/walletcore-service/internal/useCase/create_transaction/create_transaction.go:111.16,112.13 1 0
github.com/tecwagner/walletcore-service/pkg/events/event-dispatcher.go:17.44,21.2 1 1
github.com/tecwagner/walletcore-service/pkg/events/event-dispatcher.go:24.67,26.55 1 1
github.com/tecwagner/walletcore-service/pkg/events/event-dispatcher.go:35.2,35.12 1 1
github.com/tecwagner/walletcore-service/pkg/events/event-dispatcher.go:26.55,28.36 2 1
github.com/tecwagner/walletcore-service/pkg/events/event-dispatcher.go:32.3,32.12 1 1
github.com/tecwagner/walletcore-service/pkg/events/event-dispatcher.go:28.36,31.4 2 1
github.com/tecwagner/walletcore-service/pkg/events/event-dispatcher.go:39.94,41.42 1 1
github.com/tecwagner/walletcore-service/pkg/events/event-dispatcher.go:48.2,49.12 2 1
github.com/tecwagner/walletcore-service/pkg/events/event-dispatcher.go:41.42,42.45 1 1
github.com/tecwagner/walletcore-service/pkg/events/event-dispatcher.go:42.45,43.20 1 1
github.com/tecwagner/walletcore-service/pkg/events/event-dispatcher.go:43.20,45.5 1 1
github.com/tecwagner/walletcore-service/pkg/events/event-dispatcher.go:53.92,54.42 1 1
github.com/tecwagner/walletcore-service/pkg/events/event-dispatcher.go:62.2,62.12 1 0
github.com/tecwagner/walletcore-service/pkg/events/event-dispatcher.go:54.42,55.45 1 1
github.com/tecwagner/walletcore-service/pkg/events/event-dispatcher.go:55.45,56.20 1 1
github.com/tecwagner/walletcore-service/pkg/events/event-dispatcher.go:56.20,59.5 2 1
github.com/tecwagner/walletcore-service/pkg/events/event-dispatcher.go:66.43,72.2 2 1
github.com/tecwagner/walletcore-service/pkg/events/event-dispatcher.go:75.88,78.42 1 1
github.com/tecwagner/walletcore-service/pkg/events/event-dispatcher.go:86.2,86.14 1 1
github.com/tecwagner/walletcore-service/pkg/events/event-dispatcher.go:78.42,80.45 1 1
github.com/tecwagner/walletcore-service/pkg/events/event-dispatcher.go:80.45,81.20 1 1
github.com/tecwagner/walletcore-service/pkg/events/event-dispatcher.go:81.20,83.5 1 1
github.com/tecwagner/walletcore-service/pkg/kafka/consumer.go:10.74,15.2 1 0
github.com/tecwagner/walletcore-service/pkg/kafka/consumer.go:17.65,19.16 2 0
github.com/tecwagner/walletcore-service/pkg/kafka/consumer.go:22.2,23.16 2 0
github.com/tecwagner/walletcore-service/pkg/kafka/consumer.go:26.2,26.6 1 0
github.com/tecwagner/walletcore-service/pkg/kafka/consumer.go:19.16,20.13 1 0
github.com/tecwagner/walletcore-service/pkg/kafka/consumer.go:23.16,24.13 1 0
github.com/tecwagner/walletcore-service/pkg/kafka/consumer.go:26.6,28.17 2 0
github.com/tecwagner/walletcore-service/pkg/kafka/consumer.go:28.17,30.4 1 0
github.com/tecwagner/walletcore-service/pkg/kafka/producer.go:13.57,17.2 1 1
github.com/tecwagner/walletcore-service/pkg/kafka/producer.go:19.77,21.16 2 1
github.com/tecwagner/walletcore-service/pkg/kafka/producer.go:25.2,26.16 2 1
github.com/tecwagner/walletcore-service/pkg/kafka/producer.go:29.2,36.16 3 1
github.com/tecwagner/walletcore-service/pkg/kafka/producer.go:39.2,39.12 1 1
github.com/tecwagner/walletcore-service/pkg/kafka/producer.go:21.16,23.3 1 0
github.com/tecwagner/walletcore-service/pkg/kafka/producer.go:26.16,28.3 1 0
github.com/tecwagner/walletcore-service/pkg/kafka/producer.go:36.16,37.13 1 0
